<?xml version="1.0" encoding="UTF-8"?>
<testsuite xmlns:xsi="http://www.w3.org/2001/XMLSchema-instance" xsi:noNamespaceSchemaLocation="https://maven.apache.org/surefire/maven-surefire-plugin/xsd/surefire-test-report-3.0.xsd" version="3.0" name="User enters value and checks search bar works correctly" time="22.556" tests="5" errors="0" skipped="0" failures="0">
  <properties>
[...]
</properties>
  <testcase name="" classname="User enters value and checks search bar works correctly" time="0">
    <system-out><![CDATA[=================TestScenario execution Started!=================
]]></system-out>
  </testcase>
  <testcase name="User is on google home page" classname="User enters value and checks search bar works correctly" time="17.624">
    <system-out><![CDATA[https://www.google.com/
]]></system-out>
    <system-err><![CDATA[Mar 08, 2022 1:23:34 PM org.openqa.selenium.remote.tracing.opentelemetry.OpenTelemetryTracer createTracer
INFO: Using OpenTelemetry for tracing
SLF4J: Failed to load class "org.slf4j.impl.StaticLoggerBinder".
SLF4J: Defaulting to no-operation (NOP) logger implementation
SLF4J: See http://www.slf4j.org/codes.html#StaticLoggerBinder for further details.
ERROR StatusLogger Log4j2 could not find a logging implementation. Please add log4j-core to the classpath. Using SimpleLogger to log to the console...
Mar 08, 2022 1:23:42 PM org.openqa.selenium.remote.ProtocolHandshake createSession
INFO: Detected dialect: W3C
]]></system-err>
  </testcase>
  <testcase name="User clicks on search bar" classname="User enters value and checks search bar works correctly" time="1.092"/>
  <testcase name="User types &quot;Tesla&quot; in search bar and clicks enter" classname="User enters value and checks search bar works correctly" time="0.611"/>
  <testcase name="User should see &quot;Tesla&quot; in results page" classname="User enters value and checks search bar works correctly" time="3.116"/>
</testsuite>